<?xml version="1.0" encoding="UTF-8"?>
<!-- Generated by org.testng.reporters.JUnitReportReporter -->
<testsuite hostname="OKCL129" failures="0" tests="1" name="cucumberOptions.TestNGTestRunner" time="0.063" errors="0" timestamp="2022-10-25T10:03:25 CDT" skipped="0">
  <testcase classname="cucumberOptions.TestNGTestRunner" name="runScenario" time="0.063"/>
  <system-out/>
</testsuite> <!-- cucumberOptions.TestNGTestRunner -->
